<?xml version="1.0" encoding="UTF-8"?>
<testsuite xmlns:xsi="http://www.w3.org/2001/XMLSchema-instance" xsi:noNamespaceSchemaLocation="https://maven.apache.org/surefire/maven-surefire-plugin/xsd/surefire-test-report-3.0.xsd" version="3.0" name="GestorTareasTest" time="0.123" tests="15" errors="0" skipped="0" failures="0">
  <properties>
[...]
</properties>
  <testcase name="testMostrarDetallesTareaCompletada" classname="GestorTareasTest" time="0.051">
    <system-out><![CDATA[=== TAREA NORMAL ===
ID: 1
Nombre: Revisar
Prioridad: Baja
Estado: Completada
Tipo: Normal
]]></system-out>
  </testcase>
  <testcase name="testToStringTareaUrgenteCompletada" classname="GestorTareasTest" time="0.009"/>
  <testcase name="testAgregarMultiplesTareas" classname="GestorTareasTest" time="0.005">
    <system-out><![CDATA[Tarea Normal agregada.
Tarea Urgente agregada.
Tarea Normal agregada.
Tarea Urgente agregada.
Tarea Normal agregada.
]]></system-out>
  </testcase>
  <testcase name="testToStringTareaNormal" classname="GestorTareasTest" time="0.001"/>
  <testcase name="testEliminarTareaInexistente" classname="GestorTareasTest" time="0.001">
    <system-out><![CDATA[Tarea no encontrada.
]]></system-out>
  </testcase>
  <testcase name="testListarTareasConContenido" classname="GestorTareasTest" time="0.001">
    <system-out><![CDATA[Tarea Normal agregada.
Tarea Urgente agregada.
Tarea Normal agregada.
1. Tarea 1 | Prioridad: Alta [Pendiente]
⚠️ 2. Tarea 2 | Prioridad: Media [Pendiente] [URGENTE]
3. Tarea 3 | Prioridad: Baja [Pendiente]
]]></system-out>
  </testcase>
  <testcase name="testMarcarComoCompletadaTareaInexistente" classname="GestorTareasTest" time="0.001">
    <system-out><![CDATA[Tarea no encontrada.
]]></system-out>
  </testcase>
  <testcase name="testFlujoCompleto" classname="GestorTareasTest" time="0.001">
    <system-out><![CDATA[Tarea Normal agregada.
Tarea Urgente agregada.
Tarea marcada como completada.
Tarea eliminada.
]]></system-out>
  </testcase>
  <testcase name="testMarcarComoCompletada" classname="GestorTareasTest" time="0.001">
    <system-out><![CDATA[Tarea Normal agregada.
Tarea marcada como completada.
]]></system-out>
  </testcase>
  <testcase name="testAgregarTareaNormal" classname="GestorTareasTest" time="0.003">
    <system-out><![CDATA[Tarea Normal agregada.
]]></system-out>
  </testcase>
  <testcase name="testEliminarTarea" classname="GestorTareasTest" time="0.001">
    <system-out><![CDATA[Tarea Normal agregada.
Tarea eliminada.
]]></system-out>
  </testcase>
  <testcase name="testMostrarDetallesTareaUrgente" classname="GestorTareasTest" time="0.001">
    <system-out><![CDATA[=== TAREA URGENTE ===
ID: 1
Nombre: Bug crítico
Prioridad: Alta
Estado: Pendiente
Tipo: Urgente ⚠️
Requiere atención inmediata
]]></system-out>
  </testcase>
  <testcase name="testMostrarDetallesTareaNormal" classname="GestorTareasTest" time="0.003">
    <system-out><![CDATA[=== TAREA NORMAL ===
ID: 1
Nombre: Test
Prioridad: Alta
Estado: Pendiente
Tipo: Normal
]]></system-out>
  </testcase>
  <testcase name="testListarTareasVacias" classname="GestorTareasTest" time="0.001">
    <system-out><![CDATA[No hay tareas registradas.
]]></system-out>
  </testcase>
  <testcase name="testAgregarTareaUrgente" classname="GestorTareasTest" time="0.002">
    <system-out><![CDATA[Tarea Urgente agregada.
]]></system-out>
  </testcase>
</testsuite>